2019-04-25 14:34:33,091 - root - INFO - [run.py:49] Running weather data generator with number_simulated_data: 10 and generate_baseline_flag: False.
2019-04-25 14:34:33,094 - root - INFO - [weather_data_generator.py:26] Initialising WeatherDataGen class.
2019-04-25 14:34:33,104 - root - INFO - [weather_data_generator.py:52] Checking if the baseline data set exists.
2019-04-25 14:34:33,105 - root - INFO - [weather_data_generator.py:65] Baseline data sets exists.
2019-04-25 14:34:33,105 - root - INFO - [weather_data_generator.py:68] Reading baseline reference data.
2019-04-25 14:34:33,119 - root - INFO - [weather_data_generator.py:70] Completed reading baseline reference data.
2019-04-25 14:34:33,119 - root - INFO - [weather_data_generator.py:72] Reading baseline aggregate data.
2019-04-25 14:34:33,125 - root - INFO - [weather_data_generator.py:74] Completed reading baseline aggregate data.
2019-04-25 14:34:33,125 - root - INFO - [weather_data_generator.py:76] Initialising output_data data frame.
2019-04-25 14:34:33,131 - root - INFO - [weather_data_generator.py:87] Completed initialising WeatherDataGen class.
2019-04-25 14:34:33,133 - root - INFO - [weather_data_generator.py:231] Running weather data generation.
2019-04-25 14:34:33,134 - root - INFO - [weather_data_generator.py:93] Generating 10 random location(s).
2019-04-25 14:34:33,139 - root - INFO - [weather_data_generator.py:98] Completed generating 10 random location(s).
2019-04-25 14:34:33,139 - root - INFO - [weather_data_generator.py:104] Merging the output data with baseline reference data.
2019-04-25 14:34:33,143 - root - INFO - [weather_data_generator.py:111] Completed merging the output data with baseline reference data.
2019-04-25 14:34:33,144 - root - INFO - [weather_data_generator.py:130] Generating timestamp data for the output data between 1980-01-01 and 2018-12-31.
2019-04-25 14:34:33,149 - root - INFO - [weather_data_generator.py:140] Completed generating timestamp data for the output data.
2019-04-25 14:34:33,150 - root - INFO - [weather_data_generator.py:117] Merging the output data with baseline aggregate data.
2019-04-25 14:34:33,154 - root - INFO - [weather_data_generator.py:124] Completed merging the output data with baseline aggregate data.
2019-04-25 14:34:33,155 - root - INFO - [weather_data_generator.py:149] Initialising weather variable data.
2019-04-25 14:34:33,155 - root - INFO - [weather_data_generator.py:159] Completed initialising weather variable data.
2019-04-25 14:34:33,159 - root - INFO - [weather_data_generator.py:162] Generating weather condition data.
2019-04-25 14:34:33,161 - root - INFO - [weather_data_generator.py:167] Completed updating the output data with the generated weather condition data.
2019-04-25 14:34:33,163 - root - INFO - [weather_data_generator.py:170] Generating temperature data.
2019-04-25 14:34:33,185 - root - INFO - [weather_data_generator.py:176] Completed updating the output data with the generated temperature data.
2019-04-25 14:34:33,186 - root - INFO - [weather_data_generator.py:179] Generating pressure data.
2019-04-25 14:34:33,189 - root - INFO - [weather_data_generator.py:184] Completed updating the output data with the generated pressure data.
2019-04-25 14:34:33,191 - root - INFO - [weather_data_generator.py:187] Generating humidity data.
2019-04-25 14:34:33,193 - root - INFO - [weather_data_generator.py:192] Completed updating the output data with the generated humidity data.
2019-04-25 14:34:33,194 - root - INFO - [weather_data_generator.py:200] Finalising output_data layout.
2019-04-25 14:34:33,196 - root - INFO - [weather_data_generator.py:204] Completed finalising output_data layout.
2019-04-25 14:34:33,199 - root - INFO - [weather_data_generator.py:241] Completed running weather data generation.
2019-04-25 14:34:33,199 - root - INFO - [weather_data_generator.py:217] Saving output_data in C:\Users\emillaurenc\Google Drive\Codes\Weather\toy_data_generator\data\output\simulated_weather_output.csv.
2019-04-25 14:34:33,215 - root - INFO - [weather_data_generator.py:224] Completed saving output_data in C:\Users\emillaurenc\Google Drive\Codes\Weather\toy_data_generator\data\output\simulated_weather_output.csv.
2019-04-25 14:34:33,216 - root - INFO - [run.py:60] Completed running weather data generator in 00:00:00:0.1256248950958252.
2019-04-25 14:34:37,112 - root - INFO - [run.py:49] Running weather data generator with number_simulated_data: 10 and generate_baseline_flag: True.
2019-04-25 14:34:37,112 - root - INFO - [weather_data_generator.py:26] Initialising WeatherDataGen class.
2019-04-25 14:34:37,122 - root - INFO - [weather_data_generator.py:52] Checking if the baseline data set exists.
2019-04-25 14:34:37,123 - root - INFO - [generate_baseline_data.py:91] Generating baseline reference and historical weather data.
2019-04-25 14:34:37,191 - root - INFO - [generate_baseline_data.py:117] Retrieving geolocation data for Sydney, Australia.
2019-04-25 14:34:39,109 - root - INFO - [generate_baseline_data.py:122] Check if the location Sydney, Australia is valid.
2019-04-25 14:34:39,110 - root - INFO - [generate_baseline_data.py:126] The location Sydney, Australia is valid.
2019-04-25 14:34:39,112 - root - INFO - [generate_baseline_data.py:36] Getting elevation data for the coordinate (-33.8548157, 151.2164539).
2019-04-25 14:34:39,123 - root - INFO - [generate_baseline_data.py:45] Determining the appropriate tif file for the coordinate (-33.8548157, 151.2164539).
2019-04-25 14:34:39,123 - root - INFO - [generate_baseline_data.py:74] Retrieving elevation data for the coordinate (-33.8548157, 151.2164539) is in gebco_08_rev_elev_D2_grey_geo.tif file.
2019-04-25 14:34:39,127 - root - INFO - [generate_baseline_data.py:81] Completed retrieving elevation data for the coordinate (-33.8548157, 151.2164539). Elevation value: 0.
2019-04-25 14:34:39,128 - root - INFO - [generate_baseline_data.py:137] Retrieving Sydney, Australia weather data for month 1.
2019-04-25 14:34:41,696 - root - INFO - [generate_baseline_data.py:137] Retrieving Sydney, Australia weather data for month 2.
